✅ Приложение запущено!
🔗 Подключаюсь к БКР...
📡 Подключение к БКР...
✅ Подключено к БКР
🛑 Остановка опроса (phy stop)...
✅ Опрос остановлен
🗑️  Очистка запросов (lsr poll clear)...
✅ Запросы очищены
📊 Сбор статистики (lsr poll)...
✅ Сбор статистики завершен
📋 Получение списка ЛСР и версий прошивок...
✅ Загружено ЛСР: 0
✅ Подключено! Найдено 0 ЛСР
✅ Файл прошивки OK: lsr4-20250917.bin (128036 байт)
✅ Приложение запущено!
🔗 Подключаюсь к БКР...
📡 Подключение к БКР...
✅ Подключено к БКР
🛑 Остановка опроса (phy stop)...
✅ Опрос остановлен
🗑️  Очистка запросов (lsr poll clear)...
✅ Запросы очищены
📊 Сбор статистики (lsr poll)...
⏳ Сбор статистики... (5 сек)
⏳ Сбор статистики... (10 сек)
✅ Приложение запущено!
🔗 Подключаюсь к БКР...
🔌 Подключаюсь к БКР на 10.0.1.88:3456...
✅ Сокет создан и готов
🛑 Останавливка системы позиционирования (phy stop)...
📤 Отправка: phy stop
📥 Ответ: BKR#>
📥 Ответ: [0] 2
BKR#>
✅ Позиционирование остановлено
🧹 Очистка списока запросов ЛСР...
📤 Отправка: lsr poll clear
📥 Ответ: [0] 8
BKR#>
✅ Файл прошивки OK: lsr4-20250917.bin (128036 байт)
📡 Опрос ЛСР (lsr poll)...
📤 Отправка: lsr poll clear
📥 Ответ: [0] 8
BKR#>
📤 Отправка: lsr poll
📥 Ответ: [0] 4
BKR#>
⏳ Ожидание завершения опроса (~120.0 сек)...
🔍 Проверка статуса БКР (попытка 0/480)...
📤 Отправка: bkr
📥 Ответ: [0] 0
BKR#>
✅ БКР готов (статистика собрана)
📋 Получение списка ЛСР (lsr llv)...
📤 Отправка: lsr llv
📥 Ответ: [0] 
3*	Sep 17 2025 18:30:40
4	?
2561	?
2562	?
2563	?
2564	?
2565	?
2566	?
BKR#>
✅ Найдено 0 ЛСР
▶️ Запуск системы позиционирования (phy start)...
📤 Отправка: phy start
📥 Ответ: [0] 1
BKR#>
🔌 Отключился от БКР
✅ Подключено! Найдено 0 ЛСР
🔗 Подключаюсь к БКР...
🔌 Подключаюсь к БКР на 10.0.1.89:3456...
✅ Сокет создан и готов
🛑 Останавливка системы позиционирования (phy stop)...
📤 Отправка: phy stop
✅ Позиционирование остановлено
🧹 Очистка списока запросов ЛСР...
📤 Отправка: lsr poll clear
📡 Опрос ЛСР (lsr poll)...
📤 Отправка: lsr poll clear
📤 Отправка: lsr poll
⏳ Ожидание завершения опроса (~120.0 сек)...
✅ Приложение запущено!
🔗 Подключаюсь к БКР...
🔌 Подключаюсь к БКР на 10.0.1.88:3456...
✅ Сокет создан и готов
🛑 Останавливка системы позиционирования (phy stop)...
📤 Отправка: phy stop
📥 Ответ: BKR#>
📥 Ответ: [0] 2
BKR#>
✅ Позиционирование остановлено
🧹 Очистка списока запросов ЛСР...
📤 Отправка: lsr poll clear
📥 Ответ: [0] 8
BKR#>
📡 Опрос ЛСР (lsr poll)...
📤 Отправка: lsr poll clear
📥 Ответ: [0] 8
BKR#>
📤 Отправка: lsr poll
📥 Ответ: [0] 4
BKR#>
⏳ Ожидание завершения опроса (~120.0 сек)...
🔍 Проверка статуса БКР (попытка 0/480)...
📤 Отправка: bkr
📥 Ответ: [0] 0
BKR#>
✅ БКР готов (статистика собрана)
📋 Получение списка ЛСР (lsr llv)...
📤 Отправка: lsr llv
📥 Ответ: [0] 
3*	Sep 17 2025 18:30:40
4	?
2561	?
2562	?
2563	?
2564	?
2565	?
2566	?
BKR#>
✅ Найдено 0 ЛСР
▶️ Запуск системы позиционирования (phy start)...
📤 Отправка: phy start
📥 Ответ: [0] 1
BKR#>
🔌 Отключился от БКР
✅ Подключено! Найдено 0 ЛСР
✅ Приложение запущено!
🔗 Подключаюсь к БКР...
🔌 Подключаюсь к БКР на 10.0.1.88:3456...
✅ Сокет создан и готов
🛑 Останавливка системы позиционирования (phy stop)...
📤 Отправка: phy stop
📥 Ответ: BKR#>
📥 Ответ: [0] 2
BKR#>
✅ Позиционирование остановлено
🧹 Очистка списока запросов ЛСР...
📤 Отправка: lsr poll clear
📥 Ответ: [0] 8
BKR#>
📡 Опрос ЛСР (lsr poll)...
📤 Отправка: lsr poll clear
📥 Ответ: [0] 8
BKR#>
📤 Отправка: lsr poll
📥 Ответ: [0] 4
BKR#>
⏳ Ожидание завершения опроса (~120.0 сек)...
🔍 Проверка статуса БКР (попытка 0/480)...
📤 Отправка: bkr
📥 Ответ: [0] 0
BKR#>
✅ БКР готов (статистика собрана)
📋 Получение списка ЛСР (lsr llv)...
📤 Отправка: lsr llv
📥 Ответ: [0] 
3*	Sep 17 2025 18:30:40
4	?
2561	?
2562	?
2563	?
2564	?
2565	?
2566	?
BKR#>
✅ Найдено 0 ЛСР
▶️ Запуск системы позиционирования (phy start)...
📤 Отправка: phy start
📥 Ответ: [0] 1
BKR#>
🔌 Отключился от БКР
✅ Подключено! Найдено 0 ЛСР
✅ Приложение запущено!
🔗 Подключаюсь к БКР...
🔌 Подключаюсь к БКР на 10.0.1.88:3456...
✅ Сокет создан и готов
🛑 Останавливка системы позиционирования (phy stop)...
📤 Отправка: phy stop
📥 Ответ: BKR#>
📥 Ответ: [0] 2
BKR#>
✅ Позиционирование остановлено
🧹 Очистка списока запросов ЛСР...
📤 Отправка: lsr poll clear
📥 Ответ: [0] 8
BKR#>
📡 Опрос ЛСР (lsr poll)...
📤 Отправка: lsr poll clear
📥 Ответ: [0] 8
BKR#>
📤 Отправка: lsr poll
📥 Ответ: [0] 4
BKR#>
⏳ Ожидание завершения опроса (~120.0 сек)...
🔍 Проверка статуса БКР (попытка 0/480)...
📤 Отправка: bkr
📥 Ответ: [0] 0
BKR#>
✅ БКР готов (статистика собрана)
📋 Получение списка ЛСР (lsr llv)...
📤 Отправка: lsr llv
📥 Ответ: [0] 
3*	Sep 17 2025 18:30:40
4	?
2561	?
2562	?
2563	?
2564	?
2565	?
2566	?
BKR#>
✅ Найдено 0 ЛСР
▶️ Запуск системы позиционирования (phy start)...
📤 Отправка: phy start
📥 Ответ: [0] 1
BKR#>
✅ Подключено! Найдено 0 ЛСР
✅ Приложение запущено!
🔗 Подключаюсь к БКР...
🔌 Подключаюсь к БКР на 10.0.1.88:3456...
✅ Сокет создан и готов
🛑 Останавливка системы позиционирования (phy stop)...
📤 Отправка: phy stop
📥 Ответ: BKR#>
📥 Ответ: [0] 2
BKR#>
✅ Позиционирование остановлено
🧹 Очистка списока запросов ЛСР...
📤 Отправка: lsr poll clear
📥 Ответ: [0] 8
BKR#>
📡 Опрос ЛСР (lsr poll)...
📤 Отправка: lsr poll clear
📥 Ответ: [0] 8
BKR#>
📤 Отправка: lsr poll
📥 Ответ: [0] 4
BKR#>
⏳ Ожидание завершения опроса (~120.0 сек)...
🔍 Проверка статуса БКР (попытка 0/480)...
📤 Отправка: bkr
📥 Ответ: [0] 0
BKR#>
✅ БКР готов (статистика собрана)
📋 Получение списка ЛСР (lsr llv)...
📤 Отправка: lsr llv
📥 Ответ: [0] 
3*	Sep 17 2025 18:30:40
4	?
2561	?
2562	?
2563	?
2564	?
2565	?
2566	?
BKR#>
✅ Найдено 0 ЛСР
▶️ Запуск системы позиционирования (phy start)...
📤 Отправка: phy start
📥 Ответ: [0] 1
BKR#>
✅ Подключено! Найдено 0 ЛСР
✅ Приложение запущено!
🔗 Подключаюсь к БКР...
🔌 Подключаюсь к БКР на 10.0.1.88:3456...
✅ Сокет создан и готов
🛑 Останавливка системы позиционирования (phy stop)...
📤 Отправка: phy stop
📥 Ответ: BKR#>
📥 Ответ: [0] 2
BKR#>
✅ Позиционирование остановлено
🧹 Очистка списока запросов ЛСР...
📤 Отправка: lsr poll clear
📥 Ответ: [0] 8
BKR#>
📡 Опрос ЛСР (lsr poll)...
📤 Отправка: lsr poll clear
📥 Ответ: [0] 8
BKR#>
📤 Отправка: lsr poll
📥 Ответ: [0] 4
BKR#>
⏳ Ожидание завершения опроса (~120.0 сек)...
🔍 Проверка статуса БКР (попытка 0/480)...
📤 Отправка: bkr
📥 Ответ: [0] 0
BKR#>
✅ БКР готов (статистика собрана)
📋 Получение списка ЛСР (lsr llv)...
📤 Отправка: lsr llv
📥 Ответ: [0] 
3*	Sep 17 2025 18:30:40
4	?
2561	?
2562	?
2563	?
2564	?
2565	?
2566	?
BKR#>
✅ Найдено 0 ЛСР
▶️ Запуск системы позиционирования (phy start)...
📤 Отправка: phy start
📥 Ответ: [0] 1
BKR#>
✅ Подключено! Найдено 0 ЛСР
✅ Приложение запущено!
🔗 Подключаюсь к БКР...
🔌 Подключаюсь к БКР на 10.0.1.88:3456...
✅ Сокет создан и готов
🛑 Останавливка системы позиционирования (phy stop)...
📤 Отправка: phy stop
📥 Ответ: BKR#>
📥 Ответ: [1] 
BKR#>
✅ Позиционирование остановлено
🧹 Очистка списока запросов ЛСР...
📤 Отправка: lsr poll clear
📥 Ответ: [0] 8
BKR#>
📡 Опрос ЛСР (lsr poll)...
📤 Отправка: lsr poll clear
📥 Ответ: [0] 8
BKR#>
📤 Отправка: lsr poll
📥 Ответ: [0] 1
BKR#>
⏳ Ожидание завершения опроса (~120.0 сек)...
🔍 Проверка статуса БКР (попытка 0/480)...
📤 Отправка: bkr
📥 Ответ: [0] 1
BKR#>
⚠️ Неизвестный статус БКР: [0] 1
BKR#>
📤 Отправка: bkr
📥 Ответ: [0] 1
BKR#>
⚠️ Неизвестный статус БКР: [0] 1
BKR#>
📤 Отправка: bkr
📥 Ответ: [0] 1
BKR#>
⚠️ Неизвестный статус БКР: [0] 1
BKR#>
📤 Отправка: bkr
📥 Ответ: [0] 1
BKR#>
⚠️ Неизвестный статус БКР: [0] 1
BKR#>
📤 Отправка: bkr
📥 Ответ: [0] 1
BKR#>
⚠️ Неизвестный статус БКР: [0] 1
BKR#>
📤 Отправка: bkr
📥 Ответ: [0] 1
BKR#>
⚠️ Неизвестный статус БКР: [0] 1
BKR#>
📤 Отправка: bkr
📥 Ответ: [0] 1
BKR#>
✅ Приложение запущено!
🔗 Подключаюсь к БКР...
🔌 Подключаюсь к БКР на 10.0.1.89:3456...
✅ Сокет создан и готов
🛑 Останавливка системы позиционирования (phy stop)...
📤 Отправка: phy stop
✅ Позиционирование остановлено
🧹 Очистка списока запросов ЛСР...
📤 Отправка: lsr poll clear
📡 Опрос ЛСР (lsr poll)...
📤 Отправка: lsr poll clear
📤 Отправка: lsr poll
🔗 Подключаюсь к БКР...
🔌 Подключаюсь к БКР на 10.0.1.88:3456...
✅ Сокет создан и готов
🛑 Останавливка системы позиционирования (phy stop)...
📤 Отправка: phy stop
📥 Ответ: BKR#>
📥 Ответ: [1] 
BKR#>
⏳ Ожидание завершения опроса (~120.0 сек)...
🔍 Проверка статуса БКР (попытка 0/480)...
📤 Отправка: bkr
✅ Позиционирование остановлено
🧹 Очистка списока запросов ЛСР...
📤 Отправка: lsr poll clear
📥 Ответ: [0] 8
BKR#>
⚠️ Неизвестный статус БКР: 
📤 Отправка: bkr
📡 Опрос ЛСР (lsr poll)...
📤 Отправка: lsr poll clear
📥 Ответ: [0] 8
BKR#>
⚠️ Неизвестный статус БКР: 
📤 Отправка: bkr
📤 Отправка: lsr poll
📥 Ответ: [0] 1
BKR#>
⚠️ Неизвестный статус БКР: 
📤 Отправка: bkr
✅ Приложение запущено!
🔗 Подключаюсь к БКР...
🔌 Подключаюсь к БКР на 10.0.1.88:3456...
✅ Сокет создан и готов
🛑 Останавливка системы позиционирования (phy stop)...
📤 Отправка: phy stop
📥 Ответ: [1] 
BKR#>
✅ Приложение запущено!
🔗 Подключаюсь к БКР...
🔌 Подключаюсь к БКР на 10.0.1.88:3456...
✅ Сокет создан и готов
🛑 Останавливка системы позиционирования (phy stop)...
📤 Отправка: phy stop
📥 Ответ: BKR#>
📥 Ответ: [1] 
BKR#>
✅ Позиционирование остановлено
🧹 Очистка списока запросов ЛСР...
📤 Отправка: lsr poll clear
📥 Ответ: [0] 8
BKR#>
📡 Опрос ЛСР (lsr poll)...
📤 Отправка: lsr poll clear
📥 Ответ: [0] 8
BKR#>
📤 Отправка: lsr poll
📥 Ответ: [0] 1
BKR#>
⏳ Ожидание завершения опроса (~120.0 сек)...
🔍 Проверка статуса БКР (попытка 0/480)...
📤 Отправка: bkr
📥 Ответ: [0] 1
BKR#>
⚠️ Неизвестный статус БКР: [0] 1
BKR#>
📤 Отправка: bkr
📥 Ответ: [0] 1
BKR#>
⚠️ Неизвестный статус БКР: [0] 1
BKR#>
📤 Отправка: bkr
📥 Ответ: [0] 1
BKR#>
✅ Приложение запущено!
🔗 Подключаюсь к БКР...
🔌 Подключаюсь к БКР на 10.0.1.88:3456...
✅ Сокет создан и готов
🛑 Останавливка системы позиционирования (phy stop)...
📤 Отправка: phy stop
📥 Ответ: BKR#>
📥 Ответ: [1] 
BKR#>
✅ Позиционирование остановлено
🧹 Очистка списока запросов ЛСР...
📤 Отправка: lsr poll clear
📥 Ответ: [0] 8
BKR#>
📡 Опрос ЛСР (lsr poll)...
📤 Отправка: lsr poll clear
📥 Ответ: [0] 8
BKR#>
📤 Отправка: lsr poll
📥 Ответ: [0] 1
BKR#>
⏳ Ожидание завершения опроса (~120.0 сек)...
🔍 Проверка статуса БКР (попытка 0/480)...
📤 Отправка: bkr
📥 Ответ: [0] 1
BKR#>
⚠️ Неизвестный статус БКР: [0] 1
BKR#>
📤 Отправка: bkr
📥 Ответ: [0] 1
BKR#>
⚠️ Неизвестный статус БКР: [0] 1
BKR#>
📤 Отправка: bkr
📥 Ответ: [0] 1
BKR#>
⚠️ Неизвестный статус БКР: [0] 1
BKR#>
📤 Отправка: bkr
📥 Ответ: [0] 1
BKR#>
⚠️ Неизвестный статус БКР: [0] 1
BKR#>
📤 Отправка: bkr
📥 Ответ: [0] 1
BKR#>
⚠️ Неизвестный статус БКР: [0] 1
BKR#>
📤 Отправка: bkr
📥 Ответ: [0] 1
BKR#>
⚠️ Неизвестный статус БКР: [0] 1
BKR#>
📤 Отправка: bkr
📥 Ответ: [0] 1
BKR#>
⚠️ Неизвестный статус БКР: [0] 1
BKR#>
📤 Отправка: bkr
📥 Ответ: [0] 1
BKR#>
⚠️ Неизвестный статус БКР: [0] 1
BKR#>
📤 Отправка: bkr
📥 Ответ: [0] 1
BKR#>
⚠️ Неизвестный статус БКР: [0] 1
BKR#>
📤 Отправка: bkr
📥 Ответ: [0] 1
BKR#>
⚠️ Неизвестный статус БКР: [0] 1
BKR#>
📤 Отправка: bkr
📥 Ответ: [0] 1
BKR#>
⚠️ Неизвестный статус БКР: [0] 1
BKR#>
📤 Отправка: bkr
📥 Ответ: [0] 1
BKR#>
⚠️ Неизвестный статус БКР: [0] 1
BKR#>
📤 Отправка: bkr
📥 Ответ: [0] 1
BKR#>
⚠️ Неизвестный статус БКР: [0] 1
BKR#>
📤 Отправка: bkr
📥 Ответ: [0] 1
BKR#>
⚠️ Неизвестный статус БКР: [0] 1
BKR#>
📤 Отправка: bkr
📥 Ответ: [0] 1
BKR#>
⚠️ Неизвестный статус БКР: [0] 1
BKR#>
📤 Отправка: bkr
📥 Ответ: [0] 1
BKR#>
⚠️ Неизвестный статус БКР: [0] 1
BKR#>
📤 Отправка: bkr
📥 Ответ: [0] 1
BKR#>
✅ Файл прошивки OK: lsr4-20250917.bin (128036 байт)
⚠️ Неизвестный статус БКР: [0] 1
BKR#>
📤 Отправка: bkr
📥 Ответ: [0] 1
BKR#>
⚠️ Неизвестный статус БКР: [0] 1
BKR#>
📤 Отправка: bkr
📥 Ответ: [0] 1
BKR#>
⚠️ Неизвестный статус БКР: [0] 1
BKR#>
📤 Отправка: bkr
📥 Ответ: [0] 1
BKR#>
⚠️ Неизвестный статус БКР: [0] 1
BKR#>
🔍 Проверка статуса БКР (попытка 20/480)...
📤 Отправка: bkr
📥 Ответ: [0] 1
BKR#>
✅ Приложение запущено!
🔗 Подключаюсь к БКР...
🔌 Подключаюсь к БКР на 10.0.1.88:3456...
✅ Сокет создан и готов
🛑 Останавливка системы позиционирования (phy stop)...
📤 Отправка: phy stop
📥 Ответ: BKR#>
📥 Ответ: [1] 
BKR#>
✅ Позиционирование остановлено
🧹 Очистка списока запросов ЛСР...
📤 Отправка: lsr poll clear
📥 Ответ: [0] 8
BKR#>
📡 Опрос ЛСР (lsr poll)...
📤 Отправка: lsr poll
📥 Ответ: [0] 1
BKR#>
⏳ Ожидание завершения опроса (~120.0 сек)...
🔍 Проверка статуса БКР (попытка 0/480)...
📤 Отправка: bkr
📥 Ответ: [0] 1
BKR#>
❌ Ошибка при получении списка ЛСР: type object 'StatusMarkers' has no attribute 'IN_PROGRESS'
✅ Подключено! Найдено 0 ЛСР
✅ Приложение запущено!
🔗 Подключаюсь к БКР...
🔌 Подключаюсь к БКР на 10.0.1.88:3456...
✅ Сокет создан и готов
🛑 Останавливка системы позиционирования (phy stop)...
📤 Отправка: phy stop
📥 Ответ: BKR#>
📥 Ответ: [1] 
BKR#>
✅ Позиционирование остановлено
🧹 Очистка списока запросов ЛСР...
📤 Отправка: lsr poll clear
📥 Ответ: [0] 8
BKR#>
📡 Опрос ЛСР (lsr poll)...
📤 Отправка: lsr poll
📥 Ответ: [0] 1
BKR#>
⏳ Ожидание завершения опроса (~120.0 сек)...
🔍 Проверка статуса БКР (попытка 0/480)...
📤 Отправка: bkr
📥 Ответ: [0] 1
BKR#>
📤 Отправка: bkr
📥 Ответ: [0] 1
BKR#>
📤 Отправка: bkr
📥 Ответ: [0] 1
BKR#>
📤 Отправка: bkr
📥 Ответ: [0] 1
BKR#>
📤 Отправка: bkr
📥 Ответ: [0] 1
BKR#>
📤 Отправка: bkr
📥 Ответ: [0] 1
BKR#>
📤 Отправка: bkr
📥 Ответ: [0] 1
BKR#>
📤 Отправка: bkr
📥 Ответ: [0] 1
BKR#>
📤 Отправка: bkr
📥 Ответ: [0] 1
BKR#>
📤 Отправка: bkr
📥 Ответ: [0] 1
BKR#>
📤 Отправка: bkr
📥 Ответ: [0] 1
BKR#>
📤 Отправка: bkr
📥 Ответ: [0] 1
BKR#>
✅ Приложение запущено!
🔗 Подключаюсь к БКР...
🔌 Подключаюсь к БКР на 10.0.1.88:3456...
✅ Сокет создан и готов
🛑 Останавливка системы позиционирования (phy stop)...
📤 Отправка: phy stop
📥 Ответ: BKR#>
📥 Ответ: [1] 
BKR#>
✅ Позиционирование остановлено
🧹 Очистка списока запросов ЛСР...
📤 Отправка: lsr poll clear
📥 Ответ: [0] 8
BKR#>
📡 Опрос ЛСР (lsr poll)...
📤 Отправка: lsr poll
📥 Ответ: [0] 1
BKR#>
⏳ Ожидание завершения опроса (~120.0 сек)...
🔍 Проверка статуса БКР (попытка 0/480)...
📤 Отправка: bkr
📥 Ответ: [0] 1
BKR#>
⏳ Опрос в процессе (0/480)...
📤 Отправка: bkr
📥 Ответ: [0] 1
BKR#>
⏳ Опрос в процессе (1/480)...
📤 Отправка: bkr
📥 Ответ: [0] 1
BKR#>
⏳ Опрос в процессе (2/480)...
📤 Отправка: bkr
📥 Ответ: [0] 1
BKR#>
⏳ Опрос в процессе (3/480)...
📤 Отправка: bkr
📥 Ответ: [0] 1
BKR#>
✅ Приложение запущено!
🔗 Подключаюсь к БКР...
🔌 Подключаюсь к БКР на 10.0.1.88:3456...
✅ Сокет создан и готов
🛑 Останавливка системы позиционирования (phy stop)...
📤 Отправка: phy stop
📥 Ответ: BKR#>
📥 Ответ: [1] 
BKR#>
✅ Позиционирование остановлено
🧹 Очистка списока запросов ЛСР...
📤 Отправка: lsr poll clear
📥 Ответ: [0] 8
BKR#>
📡 Опрос ЛСР (lsr poll)...
📤 Отправка: lsr poll
📥 Ответ: [0] 1
BKR#>
⏳ Ожидание завершения опроса (~120.0 сек)...
🔍 Проверка статуса БКР (попытка 0/480)...
📤 Отправка: bkr
📥 Ответ: [0] 1
BKR#>
⏳ Опрос в процессе (0/480)...
📤 Отправка: bkr
📥 Ответ: [0] 1
BKR#>
✅ Приложение запущено!
🔗 Подключаюсь к БКР...
🔌 Подключаюсь к БКР на 10.0.1.88:3456...
✅ Сокет создан и готов
🛑 Останавливка системы позиционирования (phy stop)...
📤 Отправка: phy stop
📥 Ответ: BKR#>
📥 Ответ: [1] 
BKR#>
✅ Позиционирование остановлено
🧹 Очистка списока запросов ЛСР...
📤 Отправка: lsr poll clear
📥 Ответ: [0] 8
BKR#>
📡 Опрос ЛСР (lsr poll)...
📤 Отправка: lsr poll
📥 Ответ: [0] 1
BKR#>
⏳ Ожидание завершения опроса (~120.0 сек)...
🔍 Проверка статуса БКР (попытка 0/480)...
📤 Отправка: bkr
📥 Ответ: [0] 1
BKR#>
⏳ Опрос в процессе (0/480)...
📤 Отправка: bkr
📥 Ответ: [0] 1
BKR#>
⏳ Опрос в процессе (1/480)...
📤 Отправка: bkr
📥 Ответ: [0] 1
BKR#>
⏳ Опрос в процессе (2/480)...
📤 Отправка: bkr
📥 Ответ: [0] 1
BKR#>
✅ Приложение запущено!
🔗 Подключаюсь к БКР...
🔌 Подключаюсь к БКР на 10.0.1.88:3456...
✅ Сокет создан и готов
🛑 Останавливка системы позиционирования (phy stop)...
📤 Отправка: phy stop
📥 Ответ: BKR#>
📥 Ответ: [0] 2
BKR#>
✅ Позиционирование остановлено
🧹 Очистка списока запросов ЛСР...
📤 Отправка: lsr poll clear
📥 Ответ: [0] 8
BKR#>
📡 Опрос ЛСР (lsr poll)...
📤 Отправка: lsr poll
📥 Ответ: [0] 4
BKR#>
⏳ Ожидание завершения опроса (~120.0 сек)...
🔍 Проверка статуса БКР (попытка 0/480)...
📤 Отправка: bkr
📥 Ответ: [0] 0
BKR#>
✅ БКР готов (статистика собрана)
📋 Получение списка ЛСР (lsr llv)...
📤 Отправка: lsr llv
📥 Ответ: [0] 
3*	Sep 17 2025 18:30:40
4	?
2561	?
2562	?
2563	?
2564	?
2565	?
2566	?
BKR#>
✅ Найдено 0 ЛСР
▶️ Запуск системы позиционирования (phy start)...
📤 Отправка: phy start
📥 Ответ: [0] 1
BKR#>
✅ Подключено! Найдено 0 ЛСР
✅ Файл прошивки OK: lsr4-20250917.bin (128036 байт)
✅ Приложение запущено!
🔗 Подключаюсь к БКР...
🔌 Подключаюсь к БКР на 10.0.1.88:3456...
✅ Сокет создан и готов
🛑 Останавливка системы позиционирования (phy stop)...
📤 Отправка: phy stop
📥 Ответ: BKR#>
📥 Ответ: [0] 2
BKR#>
✅ Позиционирование остановлено
🧹 Очистка списока запросов ЛСР...
📤 Отправка: lsr poll clear
📥 Ответ: [0] 8
BKR#>
📡 Опрос ЛСР (lsr poll)...
📤 Отправка: lsr poll
📥 Ответ: [0] 4
BKR#>
⏳ Ожидание завершения опроса (~120.0 сек)...
🔍 Проверка статуса БКР (попытка 0/480)...
📤 Отправка: bkr
📥 Ответ: [0] 0
BKR#>
✅ БКР готов (статистика собрана)
📋 Получение списка ЛСР (lsr llv)...
📤 Отправка: lsr llv
📥 Ответ: [0] 
3*	Sep 17 2025 18:30:40
4	?
2561	?
2562	?
2563	?
2564	?
2565	?
2566	?
BKR#>
✅ Найдено 0 ЛСР
▶️ Запуск системы позиционирования (phy start)...
📤 Отправка: phy start
📥 Ответ: [0] 1
BKR#>
✅ Подключено! Найдено 0 ЛСР
✅ Приложение запущено!
🔗 Подключаюсь к БКР...
🔌 Подключаюсь к БКР на 10.0.1.88:3456...
✅ Сокет создан и готов
🛑 Останавливка системы позиционирования (phy stop)...
📤 Отправка: phy stop
📥 Ответ: BKR#>
📥 Ответ: [0] 2
BKR#>
❌ Ошибка при получении списка ЛСР: too many values to unpack (expected 2)
✅ Подключено! Найдено 0 ЛСР
✅ Приложение запущено!
🔗 Подключаюсь к БКР...
🔌 Подключаюсь к БКР на 10.0.1.88:3456...
✅ Сокет создан и готов
🛑 Останавливка системы позиционирования (phy stop)...
📤 Отправка: phy stop
📥 Ответ: BKR#>
📥 Ответ: [0] 2
BKR#>
✅ Позиционирование остановлено
🧹 Очистка списока запросов ЛСР...
📤 Отправка: lsr poll clear
📥 Ответ: [0] 8
BKR#>
📡 Опрос ЛСР (lsr poll)...
📤 Отправка: lsr poll
📥 Ответ: [0] 4
BKR#>
⏳ Ожидание завершения опроса (~120.0 сек)...
🔍 Проверка статуса БКР (попытка 0/480)...
📤 Отправка: bkr
📥 Ответ: [0] 0
BKR#>
✅ БКР готов (статистика собрана)
📋 Получение списка ЛСР (lsr llv)...
📤 Отправка: lsr llv
📥 Ответ: [0] 
3*	Sep 17 2025 18:30:40
4	?
2561	?
2562	?
2563	?
2564	?
2565	?
2566	?
BKR#>
⚠️ Неверный IP адрес: Sep
⚠️ ЛСР 4 недоступен (статус: ?)
⚠️ ЛСР 2561 недоступен (статус: ?)
⚠️ ЛСР 2562 недоступен (статус: ?)
⚠️ ЛСР 2563 недоступен (статус: ?)
⚠️ ЛСР 2564 недоступен (статус: ?)
⚠️ ЛСР 2565 недоступен (статус: ?)
⚠️ ЛСР 2566 недоступен (статус: ?)
✅ Найдено 0 ЛСР
▶️ Запуск системы позиционирования (phy start)...
📤 Отправка: phy start
📥 Ответ: [0] 1
BKR#>
🔌 Отключился от БКР
✅ Подключено! Найдено 0 ЛСР
✅ Приложение запущено!
🔗 Подключаюсь к БКР...
🔌 Подключаюсь к БКР на 10.0.1.88:3456...
✅ Сокет создан и готов
🛑 Останавливка системы позиционирования (phy stop)...
📤 Отправка: phy stop
📥 Ответ: BKR#>
📥 Ответ: [0] 2
BKR#>
✅ Позиционирование остановлено
🧹 Очистка списока запросов ЛСР...
📤 Отправка: lsr poll clear
📥 Ответ: [0] 8
BKR#>
📡 Опрос ЛСР (lsr poll)...
📤 Отправка: lsr poll
📥 Ответ: [0] 4
BKR#>
⏳ Ожидание завершения опроса (~120.0 сек)...
🔍 Проверка статуса БКР (попытка 0/480)...
📤 Отправка: bkr
📥 Ответ: [0] 0
BKR#>
✅ БКР готов (статистика собрана)
📋 Получение списка ЛСР (lsr llv)...
📤 Отправка: lsr llv
📥 Ответ: [0] 
3*	Sep 17 2025 18:30:40
4	?
2561	?
2562	?
2563	?
2564	?
2565	?
2566	?
BKR#>
✅ ЛСР 3*: FW=Sep 17 2025 18:30:40
⚠️ ЛСР 4 недоступен (статус: ?)
⚠️ ЛСР 2561 недоступен (статус: ?)
⚠️ ЛСР 2562 недоступен (статус: ?)
⚠️ ЛСР 2563 недоступен (статус: ?)
⚠️ ЛСР 2564 недоступен (статус: ?)
⚠️ ЛСР 2565 недоступен (статус: ?)
⚠️ ЛСР 2566 недоступен (статус: ?)
✅ Найдено 1 ЛСР
▶️ Запуск системы позиционирования (phy start)...
📤 Отправка: phy start
📥 Ответ: [0] 1
BKR#>
🔌 Отключился от БКР
✅ Подключено! Найдено 1 ЛСР
✅ Приложение запущено!
🔗 Подключаюсь к БКР...
🔌 Подключаюсь к БКР на 10.0.1.88:3456...
✅ Сокет создан и готов
🛑 Останавливка системы позиционирования (phy stop)...
📤 Отправка: phy stop
📥 Ответ: BKR#>
📥 Ответ: [0] 2
BKR#>
✅ Позиционирование остановлено
🧹 Очистка списока запросов ЛСР...
📤 Отправка: lsr poll clear
📥 Ответ: [0] 8
BKR#>
📡 Опрос ЛСР (lsr poll)...
📤 Отправка: lsr poll
📥 Ответ: [0] 4
BKR#>
⏳ Ожидание завершения опроса (~120.0 сек)...
🔍 Проверка статуса БКР (попытка 0/480)...
📤 Отправка: bkr
📥 Ответ: [0] 0
BKR#>
✅ БКР готов (статистика собрана)
📋 Получение списка ЛСР (lsr llv)...
📤 Отправка: lsr llv
📥 Ответ: [0] 
3*	Sep 17 2025 18:30:40
4	?
2561	?
2562	?
2563	?
2564	?
2565	?
2566	?
BKR#>
✅ ЛСР 3*: FW=Sep 17 2025 18:30:40
⚠️ ЛСР 4 недоступен (статус: ?)
⚠️ ЛСР 2561 недоступен (статус: ?)
⚠️ ЛСР 2562 недоступен (статус: ?)
⚠️ ЛСР 2563 недоступен (статус: ?)
⚠️ ЛСР 2564 недоступен (статус: ?)
⚠️ ЛСР 2565 недоступен (статус: ?)
⚠️ ЛСР 2566 недоступен (статус: ?)
✅ Найдено 1 ЛСР
▶️ Запуск системы позиционирования (phy start)...
📤 Отправка: phy start
📥 Ответ: [0] 1
BKR#>
✅ Подключено! Найдено 1 ЛСР
✅ Файл прошивки OK: lsr4-20250917.bin (128036 байт)
🚀 Начинаю обновление 3*...



╔══════════════════════════════════════════════════════════╗
║ Начало обновления прошивки                                      3*║
║ Текущая версия:                      Sep 17 2025 18:30:40║
║ IP адрес:                                                 ║
║ Файл:                                  lsr4-20250917.bin║
╚══════════════════════════════════════════════════════════╝

🔌 Подключаюсь к БКР на 10.0.1.88:3456...
✅ Сокет создан и готов

============================================================
Подготовка ЛСР 3*
============================================================

 Установка watchdog timeout на 3600 сек...
📤 Отправка: exe 3* eeprom iwdg rst 3600
📥 Ответ: BKR#>
📥 Ответ: [0] [0] 3600
BKR#>

Перезагрузка ЛСР 3*...
📤 Отправка: exe 3* reset
📥 Ответ: [0] [0] 
BKR#>

Получение IP адреса ЛСР 3*...
📤 Отправка: exe 3* phy ipaddr
📥 Ответ: [0] [0] 10.1.0.3
BKR#>
❌ Ошибка: 'tuple' object has no attribute 'split'
❌ Обновление отменено (ошибка подготовки)
🔌 Отключился от БКР
❌ Обновление не удалось
✅ Приложение запущено!
🔗 Подключаюсь к БКР...
🔌 Подключаюсь к БКР на 10.0.1.88:3456...
✅ Сокет создан и готов
🛑 Останавливка системы позиционирования (phy stop)...
📤 Отправка: phy stop
📥 Ответ: [0] 2
BKR#>
✅ Позиционирование остановлено
🧹 Очистка списока запросов ЛСР...
📤 Отправка: lsr poll clear
📥 Ответ: [0] 8
BKR#>
📡 Опрос ЛСР (lsr poll)...
📤 Отправка: lsr poll
📥 Ответ: [0] 4
BKR#>
⏳ Ожидание завершения опроса (~120.0 сек)...
🔍 Проверка статуса БКР (попытка 0/480)...
📤 Отправка: bkr
📥 Ответ: [0] 0
BKR#>
✅ БКР готов (статистика собрана)
📋 Получение списка ЛСР (lsr llv)...
📤 Отправка: lsr llv
📥 Ответ: [0] 
3*	Sep 17 2025 18:30:40
4	?
2561	?
2562	?
2563	?
2564	?
2565	?
2566	?
BKR#>
✅ ЛСР 3*: FW=Sep 17 2025 18:30:40
⚠️ ЛСР 4 недоступен (статус: ?)
⚠️ ЛСР 2561 недоступен (статус: ?)
⚠️ ЛСР 2562 недоступен (статус: ?)
⚠️ ЛСР 2563 недоступен (статус: ?)
⚠️ ЛСР 2564 недоступен (статус: ?)
⚠️ ЛСР 2565 недоступен (статус: ?)
⚠️ ЛСР 2566 недоступен (статус: ?)
✅ Найдено 1 ЛСР
▶️ Запуск системы позиционирования (phy start)...
📤 Отправка: phy start
📥 Ответ: [0] 1
BKR#>
✅ Подключено! Найдено 1 ЛСР
✅ Файл прошивки OK: lsr4-20250917.bin (128036 байт)
🚀 Начинаю обновление 3*...



╔══════════════════════════════════════════════════════════╗
║ Начало обновления прошивки                                      3*║
║ Текущая версия:                      Sep 17 2025 18:30:40║
║ IP адрес:                                                 ║
║ Файл:                                  lsr4-20250917.bin║
╚══════════════════════════════════════════════════════════╝

🔌 Подключаюсь к БКР на 10.0.1.88:3456...
✅ Сокет создан и готов

============================================================
Подготовка ЛСР 3*
============================================================

 Установка watchdog timeout на 3600 сек...
📤 Отправка: exe 3* eeprom iwdg rst 3600
📥 Ответ: BKR#>
📥 Ответ: [0] [0] 3600
BKR#>

Перезагрузка ЛСР 3*...
📤 Отправка: exe 3* reset
📥 Ответ: [0] [0] 
BKR#>

Получение IP адреса ЛСР 3*...
📤 Отправка: exe 3* phy ipaddr
📥 Ответ: [0] [0] 10.1.0.3
BKR#>
❌ Ошибка: 'tuple' object has no attribute 'split'
❌ Обновление отменено (ошибка подготовки)
🔌 Отключился от БКР
❌ Обновление не удалось
✅ Приложение запущено!
🔗 Подключаюсь к БКР...
🔌 Подключаюсь к БКР на 10.0.1.88:3456...
✅ Сокет создан и готов
🛑 Останавливка системы позиционирования (phy stop)...
📤 Отправка: phy stop
📥 Ответ: [0] 2
BKR#>
✅ Позиционирование остановлено
🧹 Очистка списока запросов ЛСР...
📤 Отправка: lsr poll clear
📥 Ответ: [0] 8
BKR#>
📡 Опрос ЛСР (lsr poll)...
📤 Отправка: lsr poll
📥 Ответ: [0] 4
BKR#>
⏳ Ожидание завершения опроса (~120.0 сек)...
🔍 Проверка статуса БКР (попытка 0/480)...
📤 Отправка: bkr
📥 Ответ: [0] 0
BKR#>
✅ БКР готов (статистика собрана)
📋 Получение списка ЛСР (lsr llv)...
📤 Отправка: lsr llv
📥 Ответ: [0] 
3*	Sep 17 2025 18:30:40
4	?
2561	?
2562	?
2563	?
2564	?
2565	?
2566	?
BKR#>
✅ ЛСР 3*: FW=Sep 17 2025 18:30:40
⚠️ ЛСР 4 недоступен (статус: ?)
⚠️ ЛСР 2561 недоступен (статус: ?)
⚠️ ЛСР 2562 недоступен (статус: ?)
⚠️ ЛСР 2563 недоступен (статус: ?)
⚠️ ЛСР 2564 недоступен (статус: ?)
⚠️ ЛСР 2565 недоступен (статус: ?)
⚠️ ЛСР 2566 недоступен (статус: ?)
✅ Найдено 1 ЛСР
▶️ Запуск системы позиционирования (phy start)...
📤 Отправка: phy start
📥 Ответ: [0] 1
BKR#>
✅ Подключено! Найдено 1 ЛСР
✅ Файл прошивки OK: lsr4-20250917.bin (128036 байт)
🚀 Начинаю обновление 3*...



╔══════════════════════════════════════════════════════════╗
║ Начало обновления прошивки                                      3*║
║ Текущая версия:                      Sep 17 2025 18:30:40║
║ IP адрес:                                                 ║
║ Файл:                                  lsr4-20250917.bin║
╚══════════════════════════════════════════════════════════╝

🔌 Подключаюсь к БКР на 10.0.1.88:3456...
✅ Сокет создан и готов

============================================================
Подготовка ЛСР 3*
============================================================

 Установка watchdog timeout на 3600 сек...
📤 Отправка: exe 3* eeprom iwdg rst 3600
📥 Ответ: BKR#>
📥 Ответ: [0] [0] 3600
BKR#>

Перезагрузка ЛСР 3*...
📤 Отправка: exe 3* reset
📥 Ответ: [0] [0] 
BKR#>

Получение IP адреса ЛСР 3*...
📤 Отправка: exe 3* phy ipaddr
📥 Ответ: [0] [0] 10.1.0.3
BKR#>
❌ Ошибка: 'tuple' object has no attribute 'split'
❌ Обновление отменено (ошибка подготовки)
🔌 Отключился от БКР
❌ Обновление не удалось
